#
# There is insufficient memory for the Java Runtime Environment to continue.
# Native memory allocation (malloc) failed to allocate 1048576 bytes for AllocateHeap
# Possible reasons:
#   The system is out of physical RAM or swap space
#   In 32 bit mode, the process size limit was hit
# Possible solutions:
#   Reduce memory load on the system
#   Increase physical memory or swap space
#   Check if swap backing store is full
#   Use 64 bit Java on a 64 bit OS
#   Decrease Java heap size (-Xmx/-Xms)
#   Decrease number of Java threads
#   Decrease Java thread stack sizes (-Xss)
#   Set larger code cache with -XX:ReservedCodeCacheSize=
# This output file may be truncated or incomplete.
#
#  Out of Memory Error (memory/allocation.inline.hpp:61), pid=13772, tid=0x000000000000077c
#
# JRE version:  (8.0_181-b13) (build )
# Java VM: Java HotSpot(TM) 64-Bit Server VM (25.181-b13 mixed mode windows-amd64 compressed oops)
# Failed to write core dump. Minidumps are not enabled by default on client versions of Windows
#

---------------  T H R E A D  ---------------

Current thread (0x0000000002e67000):  JavaThread "Unknown thread" [_thread_in_vm, id=1916, stack(0x0000000002d60000,0x0000000002e60000)]

Stack: [0x0000000002d60000,0x0000000002e60000]
[error occurred during error reporting (printing stack bounds), id 0xc0000005]

Native frames: (J=compiled Java code, j=interpreted, Vv=VM code, C=native code)


---------------  P R O C E S S  ---------------

Java Threads: ( => current thread )

Other Threads:

=>0x0000000002e67000 (exited) JavaThread "Unknown thread" [_thread_in_vm, id=1916, stack(0x0000000002d60000,0x0000000002e60000)]

VM state:not at safepoint (normal execution)

VM Mutex/Monitor currently owned by a thread: None

Heap:
 PSYoungGen      total 76288K, used 1310K [0x000000076b400000, 0x0000000770900000, 0x00000007c0000000)
  eden space 65536K, 2% used [0x000000076b400000,0x000000076b547af0,0x000000076f400000)
  from space 10752K, 0% used [0x000000076fe80000,0x000000076fe80000,0x0000000770900000)
  to   space 10752K, 0% used [0x000000076f400000,0x000000076f400000,0x000000076fe80000)
 ParOldGen       total 175104K, used 0K [0x00000006c1c00000, 0x00000006cc700000, 0x000000076b400000)
  object space 175104K, 0% used [0x00000006c1c00000,0x00000006c1c00000,0x00000006cc700000)
 Metaspace       used 751K, capacity 4480K, committed 4480K, reserved 1056768K
  class space    used 76K, capacity 384K, committed 384K, reserved 1048576K

Card table byte_map: [0x0000000012320000,0x0000000012b20000] byte_map_base: 0x000000000ed12000

Marking Bits: (ParMarkBitMap*) 0x000000006aeb2d00
 Begin Bits: [0x0000000013470000, 0x0000000017400000)
 End Bits:   [0x0000000017400000, 0x000000001b390000)

Polling page: 0x0000000000bd0000

CodeCache: size=245760Kb used=328Kb max_used=328Kb free=245431Kb
 bounds [0x0000000002f60000, 0x00000000031d0000, 0x0000000011f60000]
 total_blobs=58 nmethods=0 adapters=38
 compilation: enabled

Compilation events (0 events):
No events

GC Heap History (0 events):
No events

Deoptimization events (0 events):
No events

Classes redefined (0 events):
No events

Internal exceptions (0 events):
No events

Events (10 events):
Event: 0.039 loading class java/lang/Short
Event: 0.039 loading class java/lang/Short done
Event: 0.039 loading class java/lang/Integer
Event: 0.039 loading class java/lang/Integer done
Event: 0.039 loading class java/lang/Long
Event: 0.039 loading class java/lang/Long done
Event: 0.040 loading class java/lang/NullPointerException
Event: 0.040 loading class java/lang/NullPointerException done
Event: 0.040 loading class java/lang/ArithmeticException
Event: 0.040 loading class java/lang/ArithmeticException done


Dynamic libraries:
0x00007ff621ca0000 - 0x00007ff621cd7000 	C:\Program Files\Java\jre1.8.0_181\bin\javaw.exe
0x00007ffdc4ca0000 - 0x00007ffdc4e90000 	C:\WINDOWS\SYSTEM32\ntdll.dll
0x00007ffdc2f20000 - 0x00007ffdc2fd2000 	C:\WINDOWS\System32\KERNEL32.DLL
0x00007ffdc2740000 - 0x00007ffdc29e3000 	C:\WINDOWS\System32\KERNELBASE.dll
0x00007ffdc3bb0000 - 0x00007ffdc3c53000 	C:\WINDOWS\System32\ADVAPI32.dll
0x00007ffdc2e80000 - 0x00007ffdc2f1e000 	C:\WINDOWS\System32\msvcrt.dll
0x00007ffdc36b0000 - 0x00007ffdc3747000 	C:\WINDOWS\System32\sechost.dll
0x00007ffdc44c0000 - 0x00007ffdc45e0000 	C:\WINDOWS\System32\RPCRT4.dll
0x00007ffdc30a0000 - 0x00007ffdc3234000 	C:\WINDOWS\System32\USER32.dll
0x00007ffdc29f0000 - 0x00007ffdc2a11000 	C:\WINDOWS\System32\win32u.dll
0x00007ffdc3c60000 - 0x00007ffdc3c86000 	C:\WINDOWS\System32\GDI32.dll
0x00007ffdc1dd0000 - 0x00007ffdc1f64000 	C:\WINDOWS\System32\gdi32full.dll
0x00007ffdc2a20000 - 0x00007ffdc2abe000 	C:\WINDOWS\System32\msvcp_win.dll
0x00007ffdc2c50000 - 0x00007ffdc2d4a000 	C:\WINDOWS\System32\ucrtbase.dll
0x00007ffdb07d0000 - 0x00007ffdb0a55000 	C:\WINDOWS\WinSxS\amd64_microsoft.windows.common-controls_6595b64144ccf1df_6.0.18362.449_none_e6c7b265130c70a7\COMCTL32.dll
0x00007ffdc45e0000 - 0x00007ffdc4916000 	C:\WINDOWS\System32\combase.dll
0x00007ffdc2b20000 - 0x00007ffdc2ba0000 	C:\WINDOWS\System32\bcryptPrimitives.dll
0x00007ffdc2fe0000 - 0x00007ffdc300e000 	C:\WINDOWS\System32\IMM32.DLL
0x000000006b790000 - 0x000000006b862000 	C:\Program Files\Java\jre1.8.0_181\bin\msvcr100.dll
0x000000006a690000 - 0x000000006af32000 	C:\Program Files\Java\jre1.8.0_181\bin\server\jvm.dll
0x00007ffdc44b0000 - 0x00007ffdc44b8000 	C:\WINDOWS\System32\PSAPI.DLL
0x00007ffdbd360000 - 0x00007ffdbd384000 	C:\WINDOWS\SYSTEM32\WINMM.dll
0x00007ffdc0670000 - 0x00007ffdc0679000 	C:\WINDOWS\SYSTEM32\WSOCK32.dll
0x00007ffdc4a50000 - 0x00007ffdc4abf000 	C:\WINDOWS\System32\WS2_32.dll
0x00007ffdb7c00000 - 0x00007ffdb7c0a000 	C:\WINDOWS\SYSTEM32\VERSION.dll
0x00007ffdbd320000 - 0x00007ffdbd34d000 	C:\WINDOWS\SYSTEM32\WINMMBASE.dll
0x00007ffdc1c30000 - 0x00007ffdc1c7a000 	C:\WINDOWS\System32\cfgmgr32.dll
0x000000006bae0000 - 0x000000006baef000 	C:\Program Files\Java\jre1.8.0_181\bin\verify.dll
0x000000006bab0000 - 0x000000006bad9000 	C:\Program Files\Java\jre1.8.0_181\bin\java.dll
0x000000006ba90000 - 0x000000006baa6000 	C:\Program Files\Java\jre1.8.0_181\bin\zip.dll

VM Arguments:
jvm_args: -Dcom.sun.management.jmxremote -Dcom.sun.management.jmxremote.port=55265 -Dcom.sun.management.jmxremote.authenticate=false -Dcom.sun.management.jmxremote.ssl=false -Djava.rmi.server.hostname=localhost -Dspring.jmx.enabled=true -Dspring.application.admin.enabled=true -Xverify:none -XX:TieredStopAtLevel=1 -Dspring.boot.project.name=bookshop -Dfile.encoding=UTF-8 
java_command: com.bookshop.BookshopApplication
java_class_path (initial): C:\Users\Que Phuong\git\HCMIU_WEBProject_Bookshop\bookshop\target\classes;C:\Users\Que Phuong\.m2\repository\org\apache\tiles\tiles-jsp\3.0.8\tiles-jsp-3.0.8.jar;C:\Users\Que Phuong\.m2\repository\org\apache\tiles\tiles-servlet\3.0.8\tiles-servlet-3.0.8.jar;C:\Users\Que Phuong\.m2\repository\org\apache\tiles\tiles-core\3.0.8\tiles-core-3.0.8.jar;C:\Users\Que Phuong\.m2\repository\commons-digester\commons-digester\2.0\commons-digester-2.0.jar;C:\Users\Que Phuong\.m2\repository\commons-beanutils\commons-beanutils\1.8.0\commons-beanutils-1.8.0.jar;C:\Users\Que Phuong\.m2\repository\org\slf4j\jcl-over-slf4j\1.7.30\jcl-over-slf4j-1.7.30.jar;C:\Users\Que Phuong\.m2\repository\org\apache\tiles\tiles-request-servlet\1.0.7\tiles-request-servlet-1.0.7.jar;C:\Users\Que Phuong\.m2\repository\org\apache\tiles\tiles-template\3.0.8\tiles-template-3.0.8.jar;C:\Users\Que Phuong\.m2\repository\org\apache\tiles\tiles-api\3.0.8\tiles-api-3.0.8.jar;C:\Users\Que Phuong\.m2\repository\org\apache\tiles\tiles-autotag-core-runtime\1.2\tiles-autotag-core-runtime-1.2.jar;C:\Users\Que Phuong\.m2\repository\org\slf4j\slf4j-api\1.7.30\slf4j-api-1.7.30.jar;C:\Users\Que Phuong\.m2\repository\org\apache\tiles\tiles-request-jsp\1.0.7\tiles-request-jsp-1.0.7.jar;C:\Users\Que Phuong\.m2\repository\org\apache\tiles\tiles-request-api\1.0.7\tiles-request-api-1.0.7.jar;C:\Users\Que Phuong\.m2\repository\javax\servlet\jstl\1.2\jstl-1.2.jar;C:\Users\Que Phuong\.m2\repository\org\apache\tomcat\embed\tomcat-embed-jasper\9.0.33\tomcat-embed-jasper-9.0.33.jar;C:\Users\Que Phuong\.m2\repository\org\apache\tomcat\embed\tomcat-embed-core\9.0.33\tomcat-embed-core-9.0.33.jar;C:\Users\Que Phuong\.m2\repository\org\apache\tomcat\tomcat-annotations-api\9.0.33\tomcat-annotations-api-9.0.33.jar;C:\Users\Que Phuong\.m2\repository\org\apache\tomcat\embed\tomcat-embed-el\9.0.33\tomcat-embed-el-9.0.33.jar;C:\Users\Que Phuong\.m2\repository\org\eclipse\jdt\ecj\3.18.0\ecj-3.18.0.jar;C:\Users\Que Phu
Launcher Type: SUN_STANDARD

Environment Variables:
PATH=C:/Program Files/Java/jre1.8.0_181/bin/server;C:/Program Files/Java/jre1.8.0_181/bin;C:/Program Files/Java/jre1.8.0_181/lib/amd64;C:\Program Files\Microsoft MPI\Bin\;C:\Program Files (x86)\Common Files\Oracle\Java\javapath;C:\WINDOWS\system32;C:\WINDOWS;C:\WINDOWS\System32\Wbem;C:\WINDOWS\System32\WindowsPowerShell\v1.0\;C:\WINDOWS\System32\OpenSSH\;C:\Program Files\dotnet\;C:\Program Files\Intel\WiFi\bin\;C:\Program Files\Common Files\Intel\WirelessCommon\;C:\Program Files\Microsoft SQL Server\110\Tools\Binn\;C:\Program Files (x86)\Microsoft SQL Server\110\Tools\Binn\ManagementStudio\;C:\Program Files (x86)\Microsoft SQL Server\110\Tools\Binn\;C:\Program Files (x86)\Microsoft SQL Server\110\DTS\Binn\;C:\Program Files\Microsoft SQL Server\Client SDK\ODBC\170\Tools\Binn\;C:\Program Files (x86)\Microsoft SQL Server\150\Tools\Binn\;C:\Program Files\Microsoft SQL Server\150\Tools\Binn\;C:\Program Files\Microsoft SQL Server\150\DTS\Binn\;C:\Program Files (x86)\Microsoft SQL Server\150\DTS\Binn\;C:\Users\Que Phuong\AppData\Local\Microsoft\WindowsApps;C:\Users\Que Phuong\AppData\Local\Microsoft\WindowsApps;C:\Users\Que Phuong\AppData\Local\GitHubDesktop\bin;C:\Program Files\JetBrains\PyCharm 2019.3.4\bin;;C:\Program Files\JetBrains\PyCharm Community Edition 2020.1\bin;;C:\WINDOWS\system32;
USERNAME=Que Phuong
OS=Windows_NT
PROCESSOR_IDENTIFIER=Intel64 Family 6 Model 142 Stepping 9, GenuineIntel



---------------  S Y S T E M  ---------------

OS: Windows 10.0 , 64 bit Build 18362 (10.0.18362.329)

CPU:total 4 (initial active 4) (2 cores per cpu, 2 threads per core) family 6 model 142 stepping 9, cmov, cx8, fxsr, mmx, sse, sse2, sse3, ssse3, sse4.1, sse4.2, popcnt, avx, avx2, aes, clmul, erms, 3dnowpref, lzcnt, ht, tsc, tscinvbit, bmi1, bmi2, adx

Memory: 4k page, physical 16657784k(4495132k free), swap 16657784k(5156k free)

vm_info: Java HotSpot(TM) 64-Bit Server VM (25.181-b13) for windows-amd64 JRE (1.8.0_181-b13), built on Jul  7 2018 04:01:33 by "java_re" with MS VC++ 10.0 (VS2010)

time: Mon Apr 13 22:27:09 2020
elapsed time: 0 seconds (0d 0h 0m 0s)

